2025-04-08 00:48:16,448 - INFO - Selenium WebDriver initialized successfully
2025-04-08 00:48:16,448 - INFO - Trade bot initialized
2025-04-08 00:48:31,448 - ERROR - Error fetching market data: Message: 
Stacktrace:
	GetHandleVerifier [0x00007FF734BC1F55+78133]
	GetHandleVerifier [0x00007FF734BC1FB0+78224]
	(No symbol) [0x00007FF7349891BA]
	(No symbol) [0x00007FF7349DF19D]
	(No symbol) [0x00007FF7349DF44C]
	(No symbol) [0x00007FF734A323D7]
	(No symbol) [0x00007FF734A0719F]
	(No symbol) [0x00007FF734A2F21F]
	(No symbol) [0x00007FF734A06F33]
	(No symbol) [0x00007FF7349D0358]
	(No symbol) [0x00007FF7349D10C3]
	GetHandleVerifier [0x00007FF734E8BA8D+3001453]
	GetHandleVerifier [0x00007FF734E85E72+2977874]
	GetHandleVerifier [0x00007FF734EA497D+3103581]
	GetHandleVerifier [0x00007FF734BDC7EA+186826]
	GetHandleVerifier [0x00007FF734BE43FF+218591]
	GetHandleVerifier [0x00007FF734BC9D94+110452]
	GetHandleVerifier [0x00007FF734BC9F42+110882]
	GetHandleVerifier [0x00007FF734BB0379+5465]
	BaseThreadInitThunk [0x00007FFDB51AE8D7+23]
	RtlUserThreadStart [0x00007FFDB609BF6C+44]

2025-04-08 00:48:41,603 - ERROR - Error fetching market data: Message: 
Stacktrace:
	GetHandleVerifier [0x00007FF734BC1F55+78133]
	GetHandleVerifier [0x00007FF734BC1FB0+78224]
	(No symbol) [0x00007FF7349891BA]
	(No symbol) [0x00007FF7349DF19D]
	(No symbol) [0x00007FF7349DF44C]
	(No symbol) [0x00007FF734A323D7]
	(No symbol) [0x00007FF734A0719F]
	(No symbol) [0x00007FF734A2F21F]
	(No symbol) [0x00007FF734A06F33]
	(No symbol) [0x00007FF7349D0358]
	(No symbol) [0x00007FF7349D10C3]
	GetHandleVerifier [0x00007FF734E8BA8D+3001453]
	GetHandleVerifier [0x00007FF734E85E72+2977874]
	GetHandleVerifier [0x00007FF734EA497D+3103581]
	GetHandleVerifier [0x00007FF734BDC7EA+186826]
	GetHandleVerifier [0x00007FF734BE43FF+218591]
	GetHandleVerifier [0x00007FF734BC9D94+110452]
	GetHandleVerifier [0x00007FF734BC9F42+110882]
	GetHandleVerifier [0x00007FF734BB0379+5465]
	BaseThreadInitThunk [0x00007FFDB51AE8D7+23]
	RtlUserThreadStart [0x00007FFDB609BF6C+44]

2025-04-08 00:48:41,603 - INFO - Conversion rates updated successfully
2025-04-08 00:48:52,852 - ERROR - Error fetching market data: Message: 
Stacktrace:
	GetHandleVerifier [0x00007FF734BC1F55+78133]
	GetHandleVerifier [0x00007FF734BC1FB0+78224]
	(No symbol) [0x00007FF7349891BA]
	(No symbol) [0x00007FF7349DF19D]
	(No symbol) [0x00007FF7349DF44C]
	(No symbol) [0x00007FF734A323D7]
	(No symbol) [0x00007FF734A0719F]
	(No symbol) [0x00007FF734A2F21F]
	(No symbol) [0x00007FF734A06F33]
	(No symbol) [0x00007FF7349D0358]
	(No symbol) [0x00007FF7349D10C3]
	GetHandleVerifier [0x00007FF734E8BA8D+3001453]
	GetHandleVerifier [0x00007FF734E85E72+2977874]
	GetHandleVerifier [0x00007FF734EA497D+3103581]
	GetHandleVerifier [0x00007FF734BDC7EA+186826]
	GetHandleVerifier [0x00007FF734BE43FF+218591]
	GetHandleVerifier [0x00007FF734BC9D94+110452]
	GetHandleVerifier [0x00007FF734BC9F42+110882]
	GetHandleVerifier [0x00007FF734BB0379+5465]
	BaseThreadInitThunk [0x00007FFDB51AE8D7+23]
	RtlUserThreadStart [0x00007FFDB609BF6C+44]

2025-04-08 00:49:02,994 - ERROR - Error fetching market data: Message: 
Stacktrace:
	GetHandleVerifier [0x00007FF734BC1F55+78133]
	GetHandleVerifier [0x00007FF734BC1FB0+78224]
	(No symbol) [0x00007FF7349891BA]
	(No symbol) [0x00007FF7349DF19D]
	(No symbol) [0x00007FF7349DF44C]
	(No symbol) [0x00007FF734A323D7]
	(No symbol) [0x00007FF734A0719F]
	(No symbol) [0x00007FF734A2F21F]
	(No symbol) [0x00007FF734A06F33]
	(No symbol) [0x00007FF7349D0358]
	(No symbol) [0x00007FF7349D10C3]
	GetHandleVerifier [0x00007FF734E8BA8D+3001453]
	GetHandleVerifier [0x00007FF734E85E72+2977874]
	GetHandleVerifier [0x00007FF734EA497D+3103581]
	GetHandleVerifier [0x00007FF734BDC7EA+186826]
	GetHandleVerifier [0x00007FF734BE43FF+218591]
	GetHandleVerifier [0x00007FF734BC9D94+110452]
	GetHandleVerifier [0x00007FF734BC9F42+110882]
	GetHandleVerifier [0x00007FF734BB0379+5465]
	BaseThreadInitThunk [0x00007FFDB51AE8D7+23]
	RtlUserThreadStart [0x00007FFDB609BF6C+44]

2025-04-08 00:49:02,995 - INFO - Conversion rates updated successfully
2025-04-08 00:49:14,133 - ERROR - Error fetching market data: Message: 
Stacktrace:
	GetHandleVerifier [0x00007FF734BC1F55+78133]
	GetHandleVerifier [0x00007FF734BC1FB0+78224]
	(No symbol) [0x00007FF7349891BA]
	(No symbol) [0x00007FF7349DF19D]
	(No symbol) [0x00007FF7349DF44C]
	(No symbol) [0x00007FF734A323D7]
	(No symbol) [0x00007FF734A0719F]
	(No symbol) [0x00007FF734A2F21F]
	(No symbol) [0x00007FF734A06F33]
	(No symbol) [0x00007FF7349D0358]
	(No symbol) [0x00007FF7349D10C3]
	GetHandleVerifier [0x00007FF734E8BA8D+3001453]
	GetHandleVerifier [0x00007FF734E85E72+2977874]
	GetHandleVerifier [0x00007FF734EA497D+3103581]
	GetHandleVerifier [0x00007FF734BDC7EA+186826]
	GetHandleVerifier [0x00007FF734BE43FF+218591]
	GetHandleVerifier [0x00007FF734BC9D94+110452]
	GetHandleVerifier [0x00007FF734BC9F42+110882]
	GetHandleVerifier [0x00007FF734BB0379+5465]
	BaseThreadInitThunk [0x00007FFDB51AE8D7+23]
	RtlUserThreadStart [0x00007FFDB609BF6C+44]

2025-04-08 00:49:24,289 - ERROR - Error fetching market data: Message: 
Stacktrace:
	GetHandleVerifier [0x00007FF734BC1F55+78133]
	GetHandleVerifier [0x00007FF734BC1FB0+78224]
	(No symbol) [0x00007FF7349891BA]
	(No symbol) [0x00007FF7349DF19D]
	(No symbol) [0x00007FF7349DF44C]
	(No symbol) [0x00007FF734A323D7]
	(No symbol) [0x00007FF734A0719F]
	(No symbol) [0x00007FF734A2F21F]
	(No symbol) [0x00007FF734A06F33]
	(No symbol) [0x00007FF7349D0358]
	(No symbol) [0x00007FF7349D10C3]
	GetHandleVerifier [0x00007FF734E8BA8D+3001453]
	GetHandleVerifier [0x00007FF734E85E72+2977874]
	GetHandleVerifier [0x00007FF734EA497D+3103581]
	GetHandleVerifier [0x00007FF734BDC7EA+186826]
	GetHandleVerifier [0x00007FF734BE43FF+218591]
	GetHandleVerifier [0x00007FF734BC9D94+110452]
	GetHandleVerifier [0x00007FF734BC9F42+110882]
	GetHandleVerifier [0x00007FF734BB0379+5465]
	BaseThreadInitThunk [0x00007FFDB51AE8D7+23]
	RtlUserThreadStart [0x00007FFDB609BF6C+44]

2025-04-08 00:49:24,290 - INFO - Conversion rates updated successfully
2025-04-08 00:49:35,448 - ERROR - Error fetching market data: Message: 
Stacktrace:
	GetHandleVerifier [0x00007FF734BC1F55+78133]
	GetHandleVerifier [0x00007FF734BC1FB0+78224]
	(No symbol) [0x00007FF7349891BA]
	(No symbol) [0x00007FF7349DF19D]
	(No symbol) [0x00007FF7349DF44C]
	(No symbol) [0x00007FF734A323D7]
	(No symbol) [0x00007FF734A0719F]
	(No symbol) [0x00007FF734A2F21F]
	(No symbol) [0x00007FF734A06F33]
	(No symbol) [0x00007FF7349D0358]
	(No symbol) [0x00007FF7349D10C3]
	GetHandleVerifier [0x00007FF734E8BA8D+3001453]
	GetHandleVerifier [0x00007FF734E85E72+2977874]
	GetHandleVerifier [0x00007FF734EA497D+3103581]
	GetHandleVerifier [0x00007FF734BDC7EA+186826]
	GetHandleVerifier [0x00007FF734BE43FF+218591]
	GetHandleVerifier [0x00007FF734BC9D94+110452]
	GetHandleVerifier [0x00007FF734BC9F42+110882]
	GetHandleVerifier [0x00007FF734BB0379+5465]
	BaseThreadInitThunk [0x00007FFDB51AE8D7+23]
	RtlUserThreadStart [0x00007FFDB609BF6C+44]

2025-04-08 00:49:45,599 - ERROR - Error fetching market data: Message: 
Stacktrace:
	GetHandleVerifier [0x00007FF734BC1F55+78133]
	GetHandleVerifier [0x00007FF734BC1FB0+78224]
	(No symbol) [0x00007FF7349891BA]
	(No symbol) [0x00007FF7349DF19D]
	(No symbol) [0x00007FF7349DF44C]
	(No symbol) [0x00007FF734A323D7]
	(No symbol) [0x00007FF734A0719F]
	(No symbol) [0x00007FF734A2F21F]
	(No symbol) [0x00007FF734A06F33]
	(No symbol) [0x00007FF7349D0358]
	(No symbol) [0x00007FF7349D10C3]
	GetHandleVerifier [0x00007FF734E8BA8D+3001453]
	GetHandleVerifier [0x00007FF734E85E72+2977874]
	GetHandleVerifier [0x00007FF734EA497D+3103581]
	GetHandleVerifier [0x00007FF734BDC7EA+186826]
	GetHandleVerifier [0x00007FF734BE43FF+218591]
	GetHandleVerifier [0x00007FF734BC9D94+110452]
	GetHandleVerifier [0x00007FF734BC9F42+110882]
	GetHandleVerifier [0x00007FF734BB0379+5465]
	BaseThreadInitThunk [0x00007FFDB51AE8D7+23]
	RtlUserThreadStart [0x00007FFDB609BF6C+44]

2025-04-08 00:49:45,600 - INFO - Conversion rates updated successfully
2025-04-08 00:49:56,735 - ERROR - Error fetching market data: Message: 
Stacktrace:
	GetHandleVerifier [0x00007FF734BC1F55+78133]
	GetHandleVerifier [0x00007FF734BC1FB0+78224]
	(No symbol) [0x00007FF7349891BA]
	(No symbol) [0x00007FF7349DF19D]
	(No symbol) [0x00007FF7349DF44C]
	(No symbol) [0x00007FF734A323D7]
	(No symbol) [0x00007FF734A0719F]
	(No symbol) [0x00007FF734A2F21F]
	(No symbol) [0x00007FF734A06F33]
	(No symbol) [0x00007FF7349D0358]
	(No symbol) [0x00007FF7349D10C3]
	GetHandleVerifier [0x00007FF734E8BA8D+3001453]
	GetHandleVerifier [0x00007FF734E85E72+2977874]
	GetHandleVerifier [0x00007FF734EA497D+3103581]
	GetHandleVerifier [0x00007FF734BDC7EA+186826]
	GetHandleVerifier [0x00007FF734BE43FF+218591]
	GetHandleVerifier [0x00007FF734BC9D94+110452]
	GetHandleVerifier [0x00007FF734BC9F42+110882]
	GetHandleVerifier [0x00007FF734BB0379+5465]
	BaseThreadInitThunk [0x00007FFDB51AE8D7+23]
	RtlUserThreadStart [0x00007FFDB609BF6C+44]

2025-04-08 00:50:06,877 - ERROR - Error fetching market data: Message: 
Stacktrace:
	GetHandleVerifier [0x00007FF734BC1F55+78133]
	GetHandleVerifier [0x00007FF734BC1FB0+78224]
	(No symbol) [0x00007FF7349891BA]
	(No symbol) [0x00007FF7349DF19D]
	(No symbol) [0x00007FF7349DF44C]
	(No symbol) [0x00007FF734A323D7]
	(No symbol) [0x00007FF734A0719F]
	(No symbol) [0x00007FF734A2F21F]
	(No symbol) [0x00007FF734A06F33]
	(No symbol) [0x00007FF7349D0358]
	(No symbol) [0x00007FF7349D10C3]
	GetHandleVerifier [0x00007FF734E8BA8D+3001453]
	GetHandleVerifier [0x00007FF734E85E72+2977874]
	GetHandleVerifier [0x00007FF734EA497D+3103581]
	GetHandleVerifier [0x00007FF734BDC7EA+186826]
	GetHandleVerifier [0x00007FF734BE43FF+218591]
	GetHandleVerifier [0x00007FF734BC9D94+110452]
	GetHandleVerifier [0x00007FF734BC9F42+110882]
	GetHandleVerifier [0x00007FF734BB0379+5465]
	BaseThreadInitThunk [0x00007FFDB51AE8D7+23]
	RtlUserThreadStart [0x00007FFDB609BF6C+44]

2025-04-08 00:50:06,877 - INFO - Conversion rates updated successfully
2025-04-08 00:50:11,177 - INFO - Bot stopped by user
2025-04-08 00:50:11,180 - WARNING - Retrying (Retry(total=2, connect=None, read=None, redirect=None, status=None)) after connection broken by 'ConnectionResetError(10054, 'An existing connection was forcibly closed by the remote host', None, 10054, None)': /session/bcfafd93e576906b3e2ef88c1d39c219
2025-04-08 00:50:15,224 - WARNING - Retrying (Retry(total=1, connect=None, read=None, redirect=None, status=None)) after connection broken by 'NewConnectionError('<urllib3.connection.HTTPConnection object at 0x000001E1A410EE90>: Failed to establish a new connection: [WinError 10061] No connection could be made because the target machine actively refused it')': /session/bcfafd93e576906b3e2ef88c1d39c219
2025-04-08 00:50:19,291 - WARNING - Retrying (Retry(total=0, connect=None, read=None, redirect=None, status=None)) after connection broken by 'NewConnectionError('<urllib3.connection.HTTPConnection object at 0x000001E1A410DD10>: Failed to establish a new connection: [WinError 10061] No connection could be made because the target machine actively refused it')': /session/bcfafd93e576906b3e2ef88c1d39c219
2025-04-08 00:51:30,755 - INFO - Selenium WebDriver initialized successfully
2025-04-08 00:51:30,756 - INFO - Trade bot initialized
2025-04-08 00:51:45,994 - ERROR - Error fetching market data: Message: 
Stacktrace:
	GetHandleVerifier [0x00007FF734BC1F55+78133]
	GetHandleVerifier [0x00007FF734BC1FB0+78224]
	(No symbol) [0x00007FF7349891BA]
	(No symbol) [0x00007FF7349DF19D]
	(No symbol) [0x00007FF7349DF44C]
	(No symbol) [0x00007FF734A323D7]
	(No symbol) [0x00007FF734A0719F]
	(No symbol) [0x00007FF734A2F21F]
	(No symbol) [0x00007FF734A06F33]
	(No symbol) [0x00007FF7349D0358]
	(No symbol) [0x00007FF7349D10C3]
	GetHandleVerifier [0x00007FF734E8BA8D+3001453]
	GetHandleVerifier [0x00007FF734E85E72+2977874]
	GetHandleVerifier [0x00007FF734EA497D+3103581]
	GetHandleVerifier [0x00007FF734BDC7EA+186826]
	GetHandleVerifier [0x00007FF734BE43FF+218591]
	GetHandleVerifier [0x00007FF734BC9D94+110452]
	GetHandleVerifier [0x00007FF734BC9F42+110882]
	GetHandleVerifier [0x00007FF734BB0379+5465]
	BaseThreadInitThunk [0x00007FFDB51AE8D7+23]
	RtlUserThreadStart [0x00007FFDB609BF6C+44]

2025-04-08 00:51:56,144 - ERROR - Error fetching market data: Message: 
Stacktrace:
	GetHandleVerifier [0x00007FF734BC1F55+78133]
	GetHandleVerifier [0x00007FF734BC1FB0+78224]
	(No symbol) [0x00007FF7349891BA]
	(No symbol) [0x00007FF7349DF19D]
	(No symbol) [0x00007FF7349DF44C]
	(No symbol) [0x00007FF734A323D7]
	(No symbol) [0x00007FF734A0719F]
	(No symbol) [0x00007FF734A2F21F]
	(No symbol) [0x00007FF734A06F33]
	(No symbol) [0x00007FF7349D0358]
	(No symbol) [0x00007FF7349D10C3]
	GetHandleVerifier [0x00007FF734E8BA8D+3001453]
	GetHandleVerifier [0x00007FF734E85E72+2977874]
	GetHandleVerifier [0x00007FF734EA497D+3103581]
	GetHandleVerifier [0x00007FF734BDC7EA+186826]
	GetHandleVerifier [0x00007FF734BE43FF+218591]
	GetHandleVerifier [0x00007FF734BC9D94+110452]
	GetHandleVerifier [0x00007FF734BC9F42+110882]
	GetHandleVerifier [0x00007FF734BB0379+5465]
	BaseThreadInitThunk [0x00007FFDB51AE8D7+23]
	RtlUserThreadStart [0x00007FFDB609BF6C+44]

2025-04-08 00:51:56,146 - INFO - Conversion rates updated successfully
2025-04-08 00:52:07,417 - ERROR - Error fetching market data: Message: 
Stacktrace:
	GetHandleVerifier [0x00007FF734BC1F55+78133]
	GetHandleVerifier [0x00007FF734BC1FB0+78224]
	(No symbol) [0x00007FF7349891BA]
	(No symbol) [0x00007FF7349DF19D]
	(No symbol) [0x00007FF7349DF44C]
	(No symbol) [0x00007FF734A323D7]
	(No symbol) [0x00007FF734A0719F]
	(No symbol) [0x00007FF734A2F21F]
	(No symbol) [0x00007FF734A06F33]
	(No symbol) [0x00007FF7349D0358]
	(No symbol) [0x00007FF7349D10C3]
	GetHandleVerifier [0x00007FF734E8BA8D+3001453]
	GetHandleVerifier [0x00007FF734E85E72+2977874]
	GetHandleVerifier [0x00007FF734EA497D+3103581]
	GetHandleVerifier [0x00007FF734BDC7EA+186826]
	GetHandleVerifier [0x00007FF734BE43FF+218591]
	GetHandleVerifier [0x00007FF734BC9D94+110452]
	GetHandleVerifier [0x00007FF734BC9F42+110882]
	GetHandleVerifier [0x00007FF734BB0379+5465]
	BaseThreadInitThunk [0x00007FFDB51AE8D7+23]
	RtlUserThreadStart [0x00007FFDB609BF6C+44]

2025-04-08 00:52:17,562 - ERROR - Error fetching market data: Message: 
Stacktrace:
	GetHandleVerifier [0x00007FF734BC1F55+78133]
	GetHandleVerifier [0x00007FF734BC1FB0+78224]
	(No symbol) [0x00007FF7349891BA]
	(No symbol) [0x00007FF7349DF19D]
	(No symbol) [0x00007FF7349DF44C]
	(No symbol) [0x00007FF734A323D7]
	(No symbol) [0x00007FF734A0719F]
	(No symbol) [0x00007FF734A2F21F]
	(No symbol) [0x00007FF734A06F33]
	(No symbol) [0x00007FF7349D0358]
	(No symbol) [0x00007FF7349D10C3]
	GetHandleVerifier [0x00007FF734E8BA8D+3001453]
	GetHandleVerifier [0x00007FF734E85E72+2977874]
	GetHandleVerifier [0x00007FF734EA497D+3103581]
	GetHandleVerifier [0x00007FF734BDC7EA+186826]
	GetHandleVerifier [0x00007FF734BE43FF+218591]
	GetHandleVerifier [0x00007FF734BC9D94+110452]
	GetHandleVerifier [0x00007FF734BC9F42+110882]
	GetHandleVerifier [0x00007FF734BB0379+5465]
	BaseThreadInitThunk [0x00007FFDB51AE8D7+23]
	RtlUserThreadStart [0x00007FFDB609BF6C+44]

2025-04-08 00:52:17,563 - INFO - Conversion rates updated successfully
2025-04-08 00:52:28,721 - ERROR - Error fetching market data: Message: 
Stacktrace:
	GetHandleVerifier [0x00007FF734BC1F55+78133]
	GetHandleVerifier [0x00007FF734BC1FB0+78224]
	(No symbol) [0x00007FF7349891BA]
	(No symbol) [0x00007FF7349DF19D]
	(No symbol) [0x00007FF7349DF44C]
	(No symbol) [0x00007FF734A323D7]
	(No symbol) [0x00007FF734A0719F]
	(No symbol) [0x00007FF734A2F21F]
	(No symbol) [0x00007FF734A06F33]
	(No symbol) [0x00007FF7349D0358]
	(No symbol) [0x00007FF7349D10C3]
	GetHandleVerifier [0x00007FF734E8BA8D+3001453]
	GetHandleVerifier [0x00007FF734E85E72+2977874]
	GetHandleVerifier [0x00007FF734EA497D+3103581]
	GetHandleVerifier [0x00007FF734BDC7EA+186826]
	GetHandleVerifier [0x00007FF734BE43FF+218591]
	GetHandleVerifier [0x00007FF734BC9D94+110452]
	GetHandleVerifier [0x00007FF734BC9F42+110882]
	GetHandleVerifier [0x00007FF734BB0379+5465]
	BaseThreadInitThunk [0x00007FFDB51AE8D7+23]
	RtlUserThreadStart [0x00007FFDB609BF6C+44]

2025-04-08 00:52:38,893 - ERROR - Error fetching market data: Message: 
Stacktrace:
	GetHandleVerifier [0x00007FF734BC1F55+78133]
	GetHandleVerifier [0x00007FF734BC1FB0+78224]
	(No symbol) [0x00007FF7349891BA]
	(No symbol) [0x00007FF7349DF19D]
	(No symbol) [0x00007FF7349DF44C]
	(No symbol) [0x00007FF734A323D7]
	(No symbol) [0x00007FF734A0719F]
	(No symbol) [0x00007FF734A2F21F]
	(No symbol) [0x00007FF734A06F33]
	(No symbol) [0x00007FF7349D0358]
	(No symbol) [0x00007FF7349D10C3]
	GetHandleVerifier [0x00007FF734E8BA8D+3001453]
	GetHandleVerifier [0x00007FF734E85E72+2977874]
	GetHandleVerifier [0x00007FF734EA497D+3103581]
	GetHandleVerifier [0x00007FF734BDC7EA+186826]
	GetHandleVerifier [0x00007FF734BE43FF+218591]
	GetHandleVerifier [0x00007FF734BC9D94+110452]
	GetHandleVerifier [0x00007FF734BC9F42+110882]
	GetHandleVerifier [0x00007FF734BB0379+5465]
	BaseThreadInitThunk [0x00007FFDB51AE8D7+23]
	RtlUserThreadStart [0x00007FFDB609BF6C+44]

2025-04-08 00:52:38,895 - INFO - Conversion rates updated successfully
2025-04-08 00:52:50,084 - ERROR - Error fetching market data: Message: 
Stacktrace:
	GetHandleVerifier [0x00007FF734BC1F55+78133]
	GetHandleVerifier [0x00007FF734BC1FB0+78224]
	(No symbol) [0x00007FF7349891BA]
	(No symbol) [0x00007FF7349DF19D]
	(No symbol) [0x00007FF7349DF44C]
	(No symbol) [0x00007FF734A323D7]
	(No symbol) [0x00007FF734A0719F]
	(No symbol) [0x00007FF734A2F21F]
	(No symbol) [0x00007FF734A06F33]
	(No symbol) [0x00007FF7349D0358]
	(No symbol) [0x00007FF7349D10C3]
	GetHandleVerifier [0x00007FF734E8BA8D+3001453]
	GetHandleVerifier [0x00007FF734E85E72+2977874]
	GetHandleVerifier [0x00007FF734EA497D+3103581]
	GetHandleVerifier [0x00007FF734BDC7EA+186826]
	GetHandleVerifier [0x00007FF734BE43FF+218591]
	GetHandleVerifier [0x00007FF734BC9D94+110452]
	GetHandleVerifier [0x00007FF734BC9F42+110882]
	GetHandleVerifier [0x00007FF734BB0379+5465]
	BaseThreadInitThunk [0x00007FFDB51AE8D7+23]
	RtlUserThreadStart [0x00007FFDB609BF6C+44]

2025-04-08 00:53:00,250 - ERROR - Error fetching market data: Message: 
Stacktrace:
	GetHandleVerifier [0x00007FF734BC1F55+78133]
	GetHandleVerifier [0x00007FF734BC1FB0+78224]
	(No symbol) [0x00007FF7349891BA]
	(No symbol) [0x00007FF7349DF19D]
	(No symbol) [0x00007FF7349DF44C]
	(No symbol) [0x00007FF734A323D7]
	(No symbol) [0x00007FF734A0719F]
	(No symbol) [0x00007FF734A2F21F]
	(No symbol) [0x00007FF734A06F33]
	(No symbol) [0x00007FF7349D0358]
	(No symbol) [0x00007FF7349D10C3]
	GetHandleVerifier [0x00007FF734E8BA8D+3001453]
	GetHandleVerifier [0x00007FF734E85E72+2977874]
	GetHandleVerifier [0x00007FF734EA497D+3103581]
	GetHandleVerifier [0x00007FF734BDC7EA+186826]
	GetHandleVerifier [0x00007FF734BE43FF+218591]
	GetHandleVerifier [0x00007FF734BC9D94+110452]
	GetHandleVerifier [0x00007FF734BC9F42+110882]
	GetHandleVerifier [0x00007FF734BB0379+5465]
	BaseThreadInitThunk [0x00007FFDB51AE8D7+23]
	RtlUserThreadStart [0x00007FFDB609BF6C+44]

2025-04-08 00:53:00,251 - INFO - Conversion rates updated successfully
2025-04-08 00:53:11,400 - ERROR - Error fetching market data: Message: 
Stacktrace:
	GetHandleVerifier [0x00007FF734BC1F55+78133]
	GetHandleVerifier [0x00007FF734BC1FB0+78224]
	(No symbol) [0x00007FF7349891BA]
	(No symbol) [0x00007FF7349DF19D]
	(No symbol) [0x00007FF7349DF44C]
	(No symbol) [0x00007FF734A323D7]
	(No symbol) [0x00007FF734A0719F]
	(No symbol) [0x00007FF734A2F21F]
	(No symbol) [0x00007FF734A06F33]
	(No symbol) [0x00007FF7349D0358]
	(No symbol) [0x00007FF7349D10C3]
	GetHandleVerifier [0x00007FF734E8BA8D+3001453]
	GetHandleVerifier [0x00007FF734E85E72+2977874]
	GetHandleVerifier [0x00007FF734EA497D+3103581]
	GetHandleVerifier [0x00007FF734BDC7EA+186826]
	GetHandleVerifier [0x00007FF734BE43FF+218591]
	GetHandleVerifier [0x00007FF734BC9D94+110452]
	GetHandleVerifier [0x00007FF734BC9F42+110882]
	GetHandleVerifier [0x00007FF734BB0379+5465]
	BaseThreadInitThunk [0x00007FFDB51AE8D7+23]
	RtlUserThreadStart [0x00007FFDB609BF6C+44]

2025-04-08 00:53:20,424 - INFO - Bot stopped by user
2025-04-08 00:53:20,427 - WARNING - Retrying (Retry(total=2, connect=None, read=None, redirect=None, status=None)) after connection broken by 'ConnectionResetError(10054, 'An existing connection was forcibly closed by the remote host', None, 10054, None)': /session/827bab5283ce2ca13d8ef3880f8de20e
2025-04-08 00:53:30,625 - INFO - Selenium WebDriver initialized successfully
2025-04-08 00:53:30,625 - INFO - Trade bot initialized
2025-04-08 00:53:40,547 - ERROR - Error fetching market data (attempt 1/3): No market data found in the page
2025-04-08 00:53:48,921 - INFO - Selenium WebDriver initialized successfully
2025-04-08 00:53:57,603 - ERROR - Error fetching market data (attempt 2/3): No market data found in the page
2025-04-08 00:54:05,966 - INFO - Selenium WebDriver initialized successfully
2025-04-08 00:54:14,673 - ERROR - Error fetching market data (attempt 3/3): No market data found in the page
2025-04-08 00:54:18,399 - ERROR - Error fetching market data (attempt 1/3): No market data found in the page
2025-04-08 00:54:26,793 - INFO - Selenium WebDriver initialized successfully
2025-04-08 00:54:33,460 - ERROR - Error fetching market data (attempt 2/3): No market data found in the page
2025-04-08 00:54:41,865 - INFO - Selenium WebDriver initialized successfully
2025-04-08 00:54:48,502 - ERROR - Error fetching market data (attempt 3/3): No market data found in the page
2025-04-08 00:54:48,504 - INFO - Conversion rates updated successfully
2025-04-08 00:54:55,399 - ERROR - Error fetching market data (attempt 1/3): No market data found in the page
2025-04-08 00:55:03,767 - INFO - Selenium WebDriver initialized successfully
2025-04-08 00:55:12,301 - ERROR - Error fetching market data (attempt 2/3): No market data found in the page
2025-04-08 00:55:20,681 - INFO - Selenium WebDriver initialized successfully
2025-04-08 00:55:29,194 - ERROR - Error fetching market data (attempt 3/3): No market data found in the page
2025-04-08 00:55:32,953 - ERROR - Error fetching market data (attempt 1/3): No market data found in the page
2025-04-08 00:55:41,351 - INFO - Selenium WebDriver initialized successfully
2025-04-08 00:55:47,842 - ERROR - Error fetching market data (attempt 2/3): No market data found in the page
2025-04-08 00:55:56,227 - INFO - Selenium WebDriver initialized successfully
2025-04-08 00:56:02,468 - ERROR - Error fetching market data (attempt 3/3): No market data found in the page
2025-04-08 00:56:02,469 - INFO - Conversion rates updated successfully
2025-04-08 00:56:09,365 - ERROR - Error fetching market data (attempt 1/3): No market data found in the page
2025-04-08 00:56:17,742 - INFO - Selenium WebDriver initialized successfully
2025-04-08 00:56:26,650 - ERROR - Error fetching market data (attempt 2/3): No market data found in the page
2025-04-08 00:56:35,061 - INFO - Selenium WebDriver initialized successfully
2025-04-08 00:56:43,813 - ERROR - Error fetching market data (attempt 3/3): No market data found in the page
2025-04-08 00:56:47,591 - ERROR - Error fetching market data (attempt 1/3): No market data found in the page
2025-04-08 00:56:55,965 - INFO - Selenium WebDriver initialized successfully
2025-04-08 00:57:02,559 - ERROR - Error fetching market data (attempt 2/3): No market data found in the page
2025-04-08 00:57:10,934 - INFO - Selenium WebDriver initialized successfully
2025-04-08 00:57:17,285 - ERROR - Error fetching market data (attempt 3/3): No market data found in the page
2025-04-08 00:57:17,286 - INFO - Conversion rates updated successfully
2025-04-08 00:57:23,986 - ERROR - Error fetching market data (attempt 1/3): No market data found in the page
2025-04-08 00:57:32,348 - INFO - Selenium WebDriver initialized successfully
2025-04-08 00:57:34,569 - INFO - Bot stopped by user
2025-04-08 00:58:29,078 - INFO - Selenium WebDriver initialized successfully
2025-04-08 00:58:29,079 - INFO - Trade bot initialized
2025-04-08 00:58:48,273 - ERROR - Error fetching market data (attempt 1/3): Message: invalid session id: session deleted as the browser has closed the connection
from disconnected: not connected to DevTools
  (Session info: chrome=135.0.7049.42)
Stacktrace:
	GetHandleVerifier [0x00007FF734BC1F55+78133]
	GetHandleVerifier [0x00007FF734BC1FB0+78224]
	(No symbol) [0x00007FF7349891BA]
	(No symbol) [0x00007FF734974F25]
	(No symbol) [0x00007FF734999EE4]
	(No symbol) [0x00007FF734A0EC8F]
	(No symbol) [0x00007FF734A2EB12]
	(No symbol) [0x00007FF734A06F33]
	(No symbol) [0x00007FF7349D0358]
	(No symbol) [0x00007FF7349D10C3]
	GetHandleVerifier [0x00007FF734E8BA8D+3001453]
	GetHandleVerifier [0x00007FF734E85E72+2977874]
	GetHandleVerifier [0x00007FF734EA497D+3103581]
	GetHandleVerifier [0x00007FF734BDC7EA+186826]
	GetHandleVerifier [0x00007FF734BE43FF+218591]
	GetHandleVerifier [0x00007FF734BC9D94+110452]
	GetHandleVerifier [0x00007FF734BC9F42+110882]
	GetHandleVerifier [0x00007FF734BB0379+5465]
	BaseThreadInitThunk [0x00007FFDB51AE8D7+23]
	RtlUserThreadStart [0x00007FFDB609BF6C+44]

2025-04-08 00:58:49,454 - INFO - Bot stopped by user
2025-04-08 00:58:49,456 - WARNING - Retrying (Retry(total=2, connect=None, read=None, redirect=None, status=None)) after connection broken by 'ConnectionResetError(10054, 'An existing connection was forcibly closed by the remote host', None, 10054, None)': /session/a8fbd14037d7914646995fef9055a817
2025-04-08 00:58:53,565 - WARNING - Retrying (Retry(total=1, connect=None, read=None, redirect=None, status=None)) after connection broken by 'NewConnectionError('<urllib3.connection.HTTPConnection object at 0x000002A0661A9F90>: Failed to establish a new connection: [WinError 10061] No connection could be made because the target machine actively refused it')': /session/a8fbd14037d7914646995fef9055a817
2025-04-08 00:58:57,644 - WARNING - Retrying (Retry(total=0, connect=None, read=None, redirect=None, status=None)) after connection broken by 'NewConnectionError('<urllib3.connection.HTTPConnection object at 0x000002A0661A9A90>: Failed to establish a new connection: [WinError 10061] No connection could be made because the target machine actively refused it')': /session/a8fbd14037d7914646995fef9055a817
2025-04-08 00:59:01,740 - INFO - Cleanup completed successfully
2025-04-08 01:00:26,428 - INFO - Selenium WebDriver initialized successfully
2025-04-08 01:00:26,429 - INFO - Trade bot initialized
2025-04-08 01:00:27,582 - INFO - Human verification detected, waiting for manual verification...
2025-04-08 01:00:52,922 - ERROR - Error handling verification: Message: no such window: target window already closed
from unknown error: web view not found
  (Session info: chrome=135.0.7049.42)
Stacktrace:
	GetHandleVerifier [0x00007FF734BC1F55+78133]
	GetHandleVerifier [0x00007FF734BC1FB0+78224]
	(No symbol) [0x00007FF7349891BA]
	(No symbol) [0x00007FF734961B73]
	(No symbol) [0x00007FF734A0EAEE]
	(No symbol) [0x00007FF734A2EB12]
	(No symbol) [0x00007FF734A06F33]
	(No symbol) [0x00007FF7349D0358]
	(No symbol) [0x00007FF7349D10C3]
	GetHandleVerifier [0x00007FF734E8BA8D+3001453]
	GetHandleVerifier [0x00007FF734E85E72+2977874]
	GetHandleVerifier [0x00007FF734EA497D+3103581]
	GetHandleVerifier [0x00007FF734BDC7EA+186826]
	GetHandleVerifier [0x00007FF734BE43FF+218591]
	GetHandleVerifier [0x00007FF734BC9D94+110452]
	GetHandleVerifier [0x00007FF734BC9F42+110882]
	GetHandleVerifier [0x00007FF734BB0379+5465]
	BaseThreadInitThunk [0x00007FFDB51AE8D7+23]
	RtlUserThreadStart [0x00007FFDB609BF6C+44]

2025-04-08 01:00:52,923 - ERROR - Error fetching market data (attempt 1/3): Failed to handle human verification
2025-04-08 01:01:02,371 - INFO - Selenium WebDriver initialized successfully
2025-04-08 01:01:04,842 - INFO - Human verification detected, waiting for manual verification...
2025-04-08 01:01:05,356 - ERROR - Error handling verification: Message: invalid session id: session deleted as the browser has closed the connection
from disconnected: not connected to DevTools
  (Session info: chrome=135.0.7049.42)
Stacktrace:
	GetHandleVerifier [0x00007FF734BC1F55+78133]
	GetHandleVerifier [0x00007FF734BC1FB0+78224]
	(No symbol) [0x00007FF7349891BA]
	(No symbol) [0x00007FF734974F25]
	(No symbol) [0x00007FF734999EE4]
	(No symbol) [0x00007FF734A0EC8F]
	(No symbol) [0x00007FF734A2EB12]
	(No symbol) [0x00007FF734A06F33]
	(No symbol) [0x00007FF7349D0358]
	(No symbol) [0x00007FF7349D10C3]
	GetHandleVerifier [0x00007FF734E8BA8D+3001453]
	GetHandleVerifier [0x00007FF734E85E72+2977874]
	GetHandleVerifier [0x00007FF734EA497D+3103581]
	GetHandleVerifier [0x00007FF734BDC7EA+186826]
	GetHandleVerifier [0x00007FF734BE43FF+218591]
	GetHandleVerifier [0x00007FF734BC9D94+110452]
	GetHandleVerifier [0x00007FF734BC9F42+110882]
	GetHandleVerifier [0x00007FF734BB0379+5465]
	BaseThreadInitThunk [0x00007FFDB51AE8D7+23]
	RtlUserThreadStart [0x00007FFDB609BF6C+44]

2025-04-08 01:01:05,356 - ERROR - Error fetching market data (attempt 2/3): Failed to handle human verification
2025-04-08 01:01:05,787 - INFO - Bot stopped by user
2025-04-08 01:01:05,789 - WARNING - Retrying (Retry(total=2, connect=None, read=None, redirect=None, status=None)) after connection broken by 'ConnectionResetError(10054, 'An existing connection was forcibly closed by the remote host', None, 10054, None)': /session/024a52f5e1c2a07b07ff426f5b3800f0
